<?xml version="1.0" encoding="UTF-8"?>
<testng-results ignored="0" total="7" passed="6" failed="1" skipped="0">
  <reporter-output>
  </reporter-output>
  <suite started-at="2022-10-03T10:05:03 IST" name="InetBankingV1" finished-at="2022-10-03T10:10:13 IST" duration-ms="309474">
    <groups>
    </groups>
    <test started-at="2022-10-03T10:05:03 IST" name="BankingApp Test" finished-at="2022-10-03T10:10:13 IST" duration-ms="309474">
      <class name="com.GCReddy_v1.TestCases.TC1001_Administrator_loginTest">
        <test-method is-config="true" signature="setUp()[pri:0, instance:com.GCReddy_v1.TestCases.TC1001_Administrator_loginTest@71def8f8]" started-at="2022-10-03T10:05:03 IST" name="setUp" finished-at="2022-10-03T10:05:05 IST" duration-ms="1773" status="PASS">
          <reporter-output>
          </reporter-output>
        </test-method> <!-- setUp -->
        <test-method signature="loginWithValidCredentials()[pri:0, instance:com.GCReddy_v1.TestCases.TC1001_Administrator_loginTest@71def8f8]" started-at="2022-10-03T10:05:05 IST" name="loginWithValidCredentials" finished-at="2022-10-03T10:05:08 IST" duration-ms="2377" status="PASS">
          <reporter-output>
          </reporter-output>
        </test-method> <!-- loginWithValidCredentials -->
        <test-method signature="loginWithInvalidCredentials()[pri:1, instance:com.GCReddy_v1.TestCases.TC1001_Administrator_loginTest@71def8f8]" started-at="2022-10-03T10:05:08 IST" name="loginWithInvalidCredentials" finished-at="2022-10-03T10:05:08 IST" duration-ms="531" status="PASS">
          <reporter-output>
          </reporter-output>
        </test-method> <!-- loginWithInvalidCredentials -->
        <test-method signature="loginWithValidUsernameAndInvalidPassword()[pri:2, instance:com.GCReddy_v1.TestCases.TC1001_Administrator_loginTest@71def8f8]" started-at="2022-10-03T10:05:08 IST" name="loginWithValidUsernameAndInvalidPassword" finished-at="2022-10-03T10:05:09 IST" duration-ms="497" status="PASS">
          <reporter-output>
          </reporter-output>
        </test-method> <!-- loginWithValidUsernameAndInvalidPassword -->
        <test-method signature="loginWithInvalidUsernameAndValidPassword()[pri:3, instance:com.GCReddy_v1.TestCases.TC1001_Administrator_loginTest@71def8f8]" started-at="2022-10-03T10:05:09 IST" name="loginWithInvalidUsernameAndValidPassword" finished-at="2022-10-03T10:05:09 IST" duration-ms="482" status="PASS">
          <reporter-output>
          </reporter-output>
        </test-method> <!-- loginWithInvalidUsernameAndValidPassword -->
        <test-method signature="maxlogin()[pri:4, instance:com.GCReddy_v1.TestCases.TC1001_Administrator_loginTest@71def8f8]" started-at="2022-10-03T10:05:09 IST" name="maxlogin" finished-at="2022-10-03T10:05:10 IST" duration-ms="497" status="PASS">
          <reporter-output>
          </reporter-output>
        </test-method> <!-- maxlogin -->
        <test-method signature="loginAfterMaxLogin()[pri:5, instance:com.GCReddy_v1.TestCases.TC1001_Administrator_loginTest@71def8f8]" started-at="2022-10-03T10:05:10 IST" name="loginAfterMaxLogin" finished-at="2022-10-03T10:10:10 IST" duration-ms="300725" status="FAIL">
          <exception class="java.lang.AssertionError">
            <message>
              <![CDATA[expected [http://gcreddy.com/project/admin/index.php123] but found [http://gcreddy.com/project/admin/index.php]]]>
            </message>
            <full-stacktrace>
              <![CDATA[java.lang.AssertionError: expected [http://gcreddy.com/project/admin/index.php123] but found [http://gcreddy.com/project/admin/index.php]
at org.testng.Assert.fail(Assert.java:99)
at org.testng.Assert.failNotEquals(Assert.java:1037)
at org.testng.Assert.assertEqualsImpl(Assert.java:140)
at org.testng.Assert.assertEquals(Assert.java:122)
at org.testng.Assert.assertEquals(Assert.java:629)
at org.testng.Assert.assertEquals(Assert.java:639)
at com.GCReddy_v1.TestCases.TC1001_Administrator_loginTest.loginAfterMaxLogin(TC1001_Administrator_loginTest.java:133)
at java.base/jdk.internal.reflect.NativeMethodAccessorImpl.invoke0(Native Method)
at java.base/jdk.internal.reflect.NativeMethodAccessorImpl.invoke(NativeMethodAccessorImpl.java:77)
at java.base/jdk.internal.reflect.DelegatingMethodAccessorImpl.invoke(DelegatingMethodAccessorImpl.java:43)
at java.base/java.lang.reflect.Method.invoke(Method.java:568)
at org.testng.internal.MethodInvocationHelper.invokeMethod(MethodInvocationHelper.java:133)
at org.testng.internal.TestInvoker.invokeMethod(TestInvoker.java:598)
at org.testng.internal.TestInvoker.invokeTestMethod(TestInvoker.java:173)
at org.testng.internal.MethodRunner.runInSequence(MethodRunner.java:46)
at org.testng.internal.TestInvoker$MethodInvocationAgent.invoke(TestInvoker.java:824)
at org.testng.internal.TestInvoker.invokeTestMethods(TestInvoker.java:146)
at org.testng.internal.TestMethodWorker.invokeTestMethods(TestMethodWorker.java:146)
at org.testng.internal.TestMethodWorker.run(TestMethodWorker.java:128)
at java.base/java.util.ArrayList.forEach(ArrayList.java:1511)
at org.testng.TestRunner.privateRun(TestRunner.java:794)
at org.testng.TestRunner.run(TestRunner.java:596)
at org.testng.SuiteRunner.runTest(SuiteRunner.java:377)
at org.testng.SuiteRunner.runSequentially(SuiteRunner.java:371)
at org.testng.SuiteRunner.privateRun(SuiteRunner.java:332)
at org.testng.SuiteRunner.run(SuiteRunner.java:276)
at org.testng.SuiteRunnerWorker.runSuite(SuiteRunnerWorker.java:53)
at org.testng.SuiteRunnerWorker.run(SuiteRunnerWorker.java:96)
at org.testng.TestNG.runSuitesSequentially(TestNG.java:1212)
at org.testng.TestNG.runSuitesLocally(TestNG.java:1134)
at org.testng.TestNG.runSuites(TestNG.java:1063)
at org.testng.TestNG.run(TestNG.java:1031)
at org.testng.remote.AbstractRemoteTestNG.run(AbstractRemoteTestNG.java:115)
at org.testng.remote.RemoteTestNG.initAndRun(RemoteTestNG.java:251)
at org.testng.remote.RemoteTestNG.main(RemoteTestNG.java:77)
]]>
            </full-stacktrace>
          </exception> <!-- java.lang.AssertionError -->
          <reporter-output>
          </reporter-output>
        </test-method> <!-- loginAfterMaxLogin -->
        <test-method signature="redirectingToCustomerTest()[pri:6, instance:com.GCReddy_v1.TestCases.TC1001_Administrator_loginTest@71def8f8]" started-at="2022-10-03T10:10:10 IST" name="redirectingToCustomerTest" finished-at="2022-10-03T10:10:12 IST" duration-ms="2063" status="PASS">
          <reporter-output>
          </reporter-output>
        </test-method> <!-- redirectingToCustomerTest -->
        <test-method is-config="true" signature="tearDown()[pri:0, instance:com.GCReddy_v1.TestCases.TC1001_Administrator_loginTest@71def8f8]" started-at="2022-10-03T10:10:12 IST" name="tearDown" finished-at="2022-10-03T10:10:13 IST" duration-ms="366" status="PASS">
          <reporter-output>
          </reporter-output>
        </test-method> <!-- tearDown -->
      </class> <!-- com.GCReddy_v1.TestCases.TC1001_Administrator_loginTest -->
    </test> <!-- BankingApp Test -->
  </suite> <!-- InetBankingV1 -->
</testng-results>
